# JRE version: OpenJDK Runtime Environment (11.0.11+9) (build 11.0.11+9-b60-7590822)
# Java VM: OpenJDK 64-Bit Server VM (11.0.11+9-b60-7590822, mixed mode, tiered, compressed oops, g1 gc, windows-amd64)
Heap:
 garbage-first heap   total 262144K, used 146659K [0x0000000080000000, 0x0000000100000000)
  region size 1024K, 97 young (99328K), 12 survivors (12288K)
 Metaspace       used 79844K, capacity 81628K, committed 81740K, reserved 1120256K
  class space    used 10361K, capacity 11046K, committed 11084K, reserved 1048576K
GC Heap History (16 events):
Event: 0.502 GC heap before
{Heap before GC invocations=0 (full 0):
 garbage-first heap   total 262144K, used 29696K [0x0000000080000000, 0x0000000100000000)
  region size 1024K, 24 young (24576K), 0 survivors (0K)
 Metaspace       used 10184K, capacity 10437K, committed 10624K, reserved 1058816K
  class space    used 1064K, capacity 1139K, committed 1152K, reserved 1048576K
}
Event: 0.504 GC heap after
{Heap after GC invocations=1 (full 0):
 garbage-first heap   total 262144K, used 9411K [0x0000000080000000, 0x0000000100000000)
  region size 1024K, 3 young (3072K), 3 survivors (3072K)
 Metaspace       used 10184K, capacity 10437K, committed 10624K, reserved 1058816K
  class space    used 1064K, capacity 1139K, committed 1152K, reserved 1048576K
}
Event: 1.623 GC heap before
{Heap before GC invocations=1 (full 0):
 garbage-first heap   total 262144K, used 104643K [0x0000000080000000, 0x0000000100000000)
  region size 1024K, 97 young (99328K), 3 survivors (3072K)
 Metaspace       used 20555K, capacity 21104K, committed 21248K, reserved 1067008K
  class space    used 2510K, capacity 2690K, committed 2816K, reserved 1048576K
}
Event: 1.629 GC heap after
{Heap after GC invocations=2 (full 0):
 garbage-first heap   total 262144K, used 16769K [0x0000000080000000, 0x0000000100000000)
  region size 1024K, 11 young (11264K), 11 survivors (11264K)
 Metaspace       used 20555K, capacity 21104K, committed 21248K, reserved 1067008K
  class space    used 2510K, capacity 2690K, committed 2816K, reserved 1048576K
}
Event: 2.157 GC heap before
{Heap before GC invocations=3 (full 0):
 garbage-first heap   total 262144K, used 78209K [0x0000000080000000, 0x0000000100000000)
  region size 1024K, 71 young (72704K), 11 survivors (11264K)
 Metaspace       used 26473K, capacity 27212K, committed 27392K, reserved 1073152K
  class space    used 3490K, capacity 3755K, committed 3840K, reserved 1048576K
}
Event: 2.162 GC heap after
{Heap after GC invocations=4 (full 0):
 garbage-first heap   total 262144K, used 18442K [0x0000000080000000, 0x0000000100000000)
  region size 1024K, 3 young (3072K), 3 survivors (3072K)
 Metaspace       used 26473K, capacity 27212K, committed 27392K, reserved 1073152K
  class space    used 3490K, capacity 3755K, committed 3840K, reserved 1048576K
}
Event: 2.746 GC heap before
{Heap before GC invocations=4 (full 0):
 garbage-first heap   total 262144K, used 66570K [0x0000000080000000, 0x0000000100000000)
  region size 1024K, 52 young (53248K), 3 survivors (3072K)
 Metaspace       used 35040K, capacity 35838K, committed 35840K, reserved 1081344K
  class space    used 4542K, capacity 4864K, committed 4864K, reserved 1048576K
}
Event: 2.752 GC heap after
{Heap after GC invocations=5 (full 0):
 garbage-first heap   total 262144K, used 21598K [0x0000000080000000, 0x0000000100000000)
  region size 1024K, 6 young (6144K), 6 survivors (6144K)
 Metaspace       used 35040K, capacity 35838K, committed 35840K, reserved 1081344K
  class space    used 4542K, capacity 4864K, committed 4864K, reserved 1048576K
}
Event: 3.685 GC heap before
{Heap before GC invocations=6 (full 0):
 garbage-first heap   total 262144K, used 150622K [0x0000000080000000, 0x0000000100000000)
  region size 1024K, 128 young (131072K), 6 survivors (6144K)
 Metaspace       used 44249K, capacity 45308K, committed 45516K, reserved 1089536K
  class space    used 5679K, capacity 6069K, committed 6092K, reserved 1048576K
}
Event: 3.692 GC heap after
{Heap after GC invocations=7 (full 0):
 garbage-first heap   total 262144K, used 28855K [0x0000000080000000, 0x0000000100000000)
  region size 1024K, 13 young (13312K), 13 survivors (13312K)
 Metaspace       used 44249K, capacity 45308K, committed 45516K, reserved 1089536K
  class space    used 5679K, capacity 6069K, committed 6092K, reserved 1048576K
}
Event: 5.349 GC heap before
{Heap before GC invocations=7 (full 0):
 garbage-first heap   total 262144K, used 179383K [0x0000000080000000, 0x0000000100000000)
  region size 1024K, 153 young (156672K), 13 survivors (13312K)
 Metaspace       used 58072K, capacity 59681K, committed 59852K, reserved 1101824K
  class space    used 7391K, capacity 8023K, committed 8140K, reserved 1048576K
}
Event: 5.359 GC heap after
{Heap after GC invocations=8 (full 0):
 garbage-first heap   total 262144K, used 49386K [0x0000000080000000, 0x0000000100000000)
  region size 1024K, 20 young (20480K), 20 survivors (20480K)
 Metaspace       used 58072K, capacity 59681K, committed 59852K, reserved 1101824K
  class space    used 7391K, capacity 8023K, committed 8140K, reserved 1048576K
}
Event: 5.539 GC heap before
{Heap before GC invocations=8 (full 0):
 garbage-first heap   total 262144K, used 52458K [0x0000000080000000, 0x0000000100000000)
  region size 1024K, 24 young (24576K), 20 survivors (20480K)
 Metaspace       used 58565K, capacity 60068K, committed 60288K, reserved 1101824K
  class space    used 7432K, capacity 8024K, committed 8140K, reserved 1048576K
}
Event: 5.551 GC heap after
{Heap after GC invocations=9 (full 0):
 garbage-first heap   total 262144K, used 51945K [0x0000000080000000, 0x0000000100000000)
  region size 1024K, 3 young (3072K), 3 survivors (3072K)
 Metaspace       used 58565K, capacity 60068K, committed 60288K, reserved 1101824K
  class space    used 7432K, capacity 8024K, committed 8140K, reserved 1048576K
}
Event: 11.263 GC heap before
{Heap before GC invocations=10 (full 0):
 garbage-first heap   total 262144K, used 201449K [0x0000000080000000, 0x0000000100000000)
  region size 1024K, 149 young (152576K), 3 survivors (3072K)
 Metaspace       used 70866K, capacity 72461K, committed 72524K, reserved 1112064K
  class space    used 9136K, capacity 9765K, committed 9804K, reserved 1048576K
}
Event: 11.270 GC heap after
{Heap after GC invocations=11 (full 0):
 garbage-first heap   total 262144K, used 60643K [0x0000000080000000, 0x0000000100000000)
  region size 1024K, 12 young (12288K), 12 survivors (12288K)
 Metaspace       used 70866K, capacity 72461K, committed 72524K, reserved 1112064K
  class space    used 9136K, capacity 9765K, committed 9804K, reserved 1048576K
}

